0 info it worked if it ends with ok
1 verbose cli [ '/usr/local/bin/node', '/usr/local/bin/npm', 'publish' ]
2 info using npm@3.8.1
3 info using node@v4.3.2
4 verbose publish [ '.' ]
5 silly cache add args [ '.', null ]
6 verbose cache add spec .
7 silly cache add parsed spec Result {
7 silly cache add   raw: '.',
7 silly cache add   scope: null,
7 silly cache add   name: null,
7 silly cache add   rawSpec: '.',
7 silly cache add   spec: '/Users/charlesking/react-native-sound',
7 silly cache add   type: 'directory' }
8 verbose addLocalDirectory /Users/charlesking/.npm/rn-sound/0.7.9/package.tgz not in flight; packing
9 verbose correctMkdir /Users/charlesking/.npm correctMkdir not in flight; initializing
10 info lifecycle rn-sound@0.7.9~prepublish: rn-sound@0.7.9
11 verbose lifecycle rn-sound@0.7.9~prepublish: unsafe-perm in lifecycle true
12 verbose lifecycle rn-sound@0.7.9~prepublish: PATH: /usr/local/lib/node_modules/npm/bin/node-gyp-bin:/Users/charlesking/react-native-sound/node_modules/.bin:/usr/local/bin:/usr/local/heroku/bin:/Users/charlesking/.rvm/gems/ruby-2.2.1/bin:/Users/charlesking/.rvm/gems/ruby-2.2.1@global/bin:/Users/charlesking/.rvm/rubies/ruby-2.2.1/bin:/usr/local/bin:/usr/bin:/bin:/usr/sbin:/sbin:/opt/X11/bin:/usr/local/flow_15/:/Users/charlesking/.rvm/bin:/usr/local/Cellar/gradle221/2.2.1/bin:/Users/charlesking/.rvm/bin:/usr/local/apache-maven/bin/
13 verbose lifecycle rn-sound@0.7.9~prepublish: CWD: /Users/charlesking/react-native-sound
14 silly lifecycle rn-sound@0.7.9~prepublish: Args: [ '-c', 'npm run build' ]
15 silly lifecycle rn-sound@0.7.9~prepublish: Returned: code: 1  signal: null
16 info lifecycle rn-sound@0.7.9~prepublish: Failed to exec prepublish script
17 error addLocal Could not install /Users/charlesking/react-native-sound
18 verbose stack Error: rn-sound@0.7.9 prepublish: `npm run build`
18 verbose stack Exit status 1
18 verbose stack     at EventEmitter.<anonymous> (/usr/local/lib/node_modules/npm/lib/utils/lifecycle.js:239:16)
18 verbose stack     at emitTwo (events.js:87:13)
18 verbose stack     at EventEmitter.emit (events.js:172:7)
18 verbose stack     at ChildProcess.<anonymous> (/usr/local/lib/node_modules/npm/lib/utils/spawn.js:24:14)
18 verbose stack     at emitTwo (events.js:87:13)
18 verbose stack     at ChildProcess.emit (events.js:172:7)
18 verbose stack     at maybeClose (internal/child_process.js:821:16)
18 verbose stack     at Process.ChildProcess._handle.onexit (internal/child_process.js:211:5)
19 verbose pkgid rn-sound@0.7.9
20 verbose cwd /Users/charlesking/react-native-sound
21 error Darwin 15.4.0
22 error argv "/usr/local/bin/node" "/usr/local/bin/npm" "publish"
23 error node v4.3.2
24 error npm  v3.8.1
25 error code ELIFECYCLE
26 error rn-sound@0.7.9 prepublish: `npm run build`
26 error Exit status 1
27 error Failed at the rn-sound@0.7.9 prepublish script 'npm run build'.
27 error Make sure you have the latest version of node.js and npm installed.
27 error If you do, this is most likely a problem with the rn-sound package,
27 error not with npm itself.
27 error Tell the author that this fails on your system:
27 error     npm run build
27 error You can get information on how to open an issue for this project with:
27 error     npm bugs rn-sound
27 error Or if that isn't available, you can get their info via:
27 error     npm owner ls rn-sound
27 error There is likely additional logging output above.
28 verbose exit [ 1, true ]
